c:\users\administrator\documents\visual studio 2015\projects\matlab_sar\matlab_sar\x64\release\matlab_sar.pch
c:\users\administrator\documents\visual studio 2015\projects\matlab_sar\matlab_sar\x64\release\vc140.pdb
c:\users\administrator\documents\visual studio 2015\projects\matlab_sar\matlab_sar\x64\release\stdafx.obj
c:\users\administrator\documents\visual studio 2015\projects\matlab_sar\matlab_sar\x64\release\sar.obj
c:\users\administrator\documents\visual studio 2015\projects\matlab_sar\matlab_sar\x64\release\matlab_sar.obj
c:\users\administrator\documents\visual studio 2015\projects\matlab_sar\matlab_sar\x64\release\fft_1d.obj
x64\release\cuda.cu.obj
c:\users\administrator\documents\visual studio 2015\projects\matlab_sar\x64\release\matlab_sar.exe
c:\users\administrator\documents\visual studio 2015\projects\matlab_sar\x64\release\matlab_sar.ipdb
c:\users\administrator\documents\visual studio 2015\projects\matlab_sar\x64\release\matlab_sar.iobj
c:\users\administrator\documents\visual studio 2015\projects\matlab_sar\x64\release\matlab_sar.pdb
c:\users\administrator\documents\visual studio 2015\projects\matlab_sar\matlab_sar\x64\release\cuda.cu.cache
c:\users\administrator\documents\visual studio 2015\projects\matlab_sar\matlab_sar\x64\release\cuda.cu.obj
c:\users\administrator\documents\visual studio 2015\projects\matlab_sar\matlab_sar\x64\release\matlab_sar.tlog\cl.command.1.tlog
c:\users\administrator\documents\visual studio 2015\projects\matlab_sar\matlab_sar\x64\release\matlab_sar.tlog\cl.read.1.tlog
c:\users\administrator\documents\visual studio 2015\projects\matlab_sar\matlab_sar\x64\release\matlab_sar.tlog\cl.write.1.tlog
c:\users\administrator\documents\visual studio 2015\projects\matlab_sar\matlab_sar\x64\release\matlab_sar.tlog\cudacompile.read.1u.tlog
c:\users\administrator\documents\visual studio 2015\projects\matlab_sar\matlab_sar\x64\release\matlab_sar.tlog\cudacompile.write.1u.tlog
c:\users\administrator\documents\visual studio 2015\projects\matlab_sar\matlab_sar\x64\release\matlab_sar.tlog\link.command.1.tlog
c:\users\administrator\documents\visual studio 2015\projects\matlab_sar\matlab_sar\x64\release\matlab_sar.tlog\link.read.1.tlog
c:\users\administrator\documents\visual studio 2015\projects\matlab_sar\matlab_sar\x64\release\matlab_sar.tlog\link.write.1.tlog
